/*C12*/SET SCHEMA PUBLIC
\u000d\u000a    drop table book if exists
\u000d\u000a    drop table user_tbl if exists
\u000d\u000a    create table book (\u000d\u000a       id integer generated by default as identity (start with 1),\u000d\u000a        author varchar(255),\u000d\u000a        categories varchar(255),\u000d\u000a        name varchar(255),\u000d\u000a        qty integer not null,\u000d\u000a        primary key (id)\u000d\u000a    )
\u000d\u000a    create table user_tbl (\u000d\u000a       id integer generated by default as identity (start with 1),\u000d\u000a        login_id varchar(255),\u000d\u000a        password varchar(255),\u000d\u000a        role varchar(255),\u000d\u000a        primary key (id)\u000d\u000a    )
INSERT INTO USER_TBL VALUES(1,'admin','admin','admin')
COMMIT
DISCONNECT
/*C13*/SET SCHEMA PUBLIC
DISCONNECT
/*C14*/SET SCHEMA PUBLIC
DISCONNECT
/*C15*/SET SCHEMA PUBLIC
DISCONNECT
/*C16*/SET SCHEMA PUBLIC
DISCONNECT
/*C17*/SET SCHEMA PUBLIC
DISCONNECT
/*C18*/SET SCHEMA PUBLIC
DISCONNECT
/*C19*/SET SCHEMA PUBLIC
DISCONNECT
/*C20*/SET SCHEMA PUBLIC
DISCONNECT
/*C21*/SET SCHEMA PUBLIC
DISCONNECT
